<?xml version="1.0" encoding="UTF-8"?>
<!-- Generated by org.testng.reporters.JUnitReportReporter -->
<testsuite hostname="Admin" failures="0" tests="1" name="Railway.TestCase07" time="12.131" errors="0" timestamp="2022-01-05T21:15:59 ICT" skipped="0">
  <testcase classname="Railway.TestCase07" name="TCO7" time="12.131"/>
  <system-out/>
</testsuite> <!-- Railway.TestCase07 -->
