<?xml version="1.0" encoding="UTF-8"?>
<!-- Generated by org.testng.reporters.JUnitReportReporter -->
<testsuite hostname="Admin" failures="0" tests="1" name="Railway.TestCase14" time="15.430" errors="0" timestamp="2022-01-05T21:15:59 ICT" skipped="0">
  <testcase classname="Railway.TestCase14" name="TC14" time="15.430"/>
  <system-out/>
</testsuite> <!-- Railway.TestCase14 -->
