<?xml version="1.0" encoding="UTF-8"?>
<!-- Generated by org.testng.reporters.JUnitReportReporter -->
<testsuite hostname="Admin" failures="0" tests="1" name="Railway.TestCase09" time="16.067" errors="0" timestamp="2022-01-05T21:15:59 ICT" skipped="0">
  <testcase classname="Railway.TestCase09" name="TC09" time="16.067"/>
  <system-out/>
</testsuite> <!-- Railway.TestCase09 -->
